<?xml version="1.0" encoding="UTF-8"?>
<!-- Generated by org.testng.reporters.JUnitReportReporter -->
<testsuite hostname="acer-53" failures="0" tests="1" name="Week5.HomeWork.DemoString" time="0.005" errors="0" timestamp="2023-09-01T08:37:40 IST" skipped="0">
  <testcase classname="Week5.HomeWork.DemoString" name="name" time="0.005"/>
  <system-out/>
</testsuite> <!-- Week5.HomeWork.DemoString -->
