<?xml version="1.0" encoding="UTF-8"?>
<!-- Generated by org.testng.reporters.JUnitReportReporter -->
<testsuite hostname="acer-53" failures="0" tests="1" name="Week5.HomeWork.AutoEmail" time="0.005" errors="0" timestamp="2023-08-29T15:08:36 IST" skipped="0">
  <testcase classname="Week5.HomeWork.AutoEmail" name="emailGenerate" time="0.005"/>
  <system-out/>
</testsuite> <!-- Week5.HomeWork.AutoEmail -->
