<?xml version="1.0" encoding="UTF-8"?>
<!-- Generated by org.testng.reporters.JUnitReportReporter -->
<testsuite hostname="acer-53" failures="0" tests="1" name="Week5.HomeWork.SplitString" time="0.080" errors="0" timestamp="2023-09-12T18:25:08 IST" skipped="0">
  <testcase classname="Week5.HomeWork.SplitString" name="test" time="0.080"/>
  <system-out/>
</testsuite> <!-- Week5.HomeWork.SplitString -->
