<?xml version="1.0" encoding="UTF-8"?>
<!-- Generated by org.testng.reporters.JUnitReportReporter -->
<testsuite hostname="acer-53" failures="0" tests="3" name="Week5.HomeWork.SumMultiple" time="0.008" errors="0" timestamp="2023-08-17T19:03:41 IST" skipped="0">
  <testcase classname="Week5.HomeWork.SumMultiple" name="test3" time="0.001"/>
  <system-out/>
  <testcase classname="Week5.HomeWork.SumMultiple" name="test2" time="0.001"/>
  <system-out/>
  <testcase classname="Week5.HomeWork.SumMultiple" name="test1" time="0.006"/>
  <system-out/>
</testsuite> <!-- Week5.HomeWork.SumMultiple -->
