<?xml version="1.0" encoding="UTF-8"?>
<!-- Generated by org.testng.reporters.JUnitReportReporter -->
<testsuite hostname="acer-53" failures="0" tests="1" name="Week5.HomeWork.BurnCalories" time="0.008" errors="0" timestamp="2023-09-10T11:33:52 IST" skipped="0">
  <testcase classname="Week5.HomeWork.BurnCalories" name="test1" time="0.008"/>
  <system-out/>
</testsuite> <!-- Week5.HomeWork.BurnCalories -->
