<?xml version="1.0" encoding="UTF-8"?>
<!-- Generated by org.testng.reporters.JUnitReportReporter -->
<testsuite hostname="acer-53" failures="0" tests="2" name="week5.HomeWork.PalindromeString" time="0.013" errors="0" timestamp="2023-10-03T13:13:07 IST" skipped="0">
  <testcase classname="week5.HomeWork.PalindromeString" name="test" time="0.010"/>
  <system-out/>
  <testcase classname="week5.HomeWork.PalindromeString" name="test1" time="0.003"/>
  <system-out/>
</testsuite> <!-- week5.HomeWork.PalindromeString -->
