<?xml version="1.0" encoding="UTF-8"?>
<!-- Generated by org.testng.reporters.JUnitReportReporter -->
<testsuite hostname="acer-53" failures="0" tests="1" name="SeleniumHomeWork.CreateNewDashBoard" time="17.657" errors="0" timestamp="2023-08-18T19:44:51 IST" skipped="0">
  <testcase classname="SeleniumHomeWork.CreateNewDashBoard" name="loginSalesForce" time="17.657"/>
  <system-out/>
</testsuite> <!-- SeleniumHomeWork.CreateNewDashBoard -->
