<?xml version="1.0" encoding="UTF-8"?>
<!-- Generated by org.testng.reporters.JUnitReportReporter -->
<testsuite hostname="acer-53" failures="0" tests="3" name="Week5.HomeWork.HalloweenParty" time="0.005" errors="0" timestamp="2023-08-30T07:41:58 IST" skipped="0">
  <testcase classname="Week5.HomeWork.HalloweenParty" name="test1" time="0.004"/>
  <system-out/>
  <testcase classname="Week5.HomeWork.HalloweenParty" name="test2" time="0.001"/>
  <system-out/>
  <testcase classname="Week5.HomeWork.HalloweenParty" name="test3" time="0.000"/>
  <system-out/>
</testsuite> <!-- Week5.HomeWork.HalloweenParty -->
