<?xml version="1.0" encoding="UTF-8"?>
<!-- Generated by org.testng.reporters.JUnitReportReporter -->
<testsuite hostname="acer-53" failures="0" tests="1" name="Week5.HomeWork.DemoSwitch" time="0.009" errors="0" timestamp="2023-08-22T07:56:18 IST" skipped="0">
  <testcase classname="Week5.HomeWork.DemoSwitch" name="test1" time="0.009"/>
  <system-out/>
</testsuite> <!-- Week5.HomeWork.DemoSwitch -->
