<?xml version="1.0" encoding="UTF-8"?>
<!-- Generated by org.testng.reporters.JUnitReportReporter -->
<testsuite hostname="acer-53" failures="0" tests="1" name="Week5.HomeWork.ReplaceIP" time="0.008" errors="0" timestamp="2023-08-26T12:25:06 IST" skipped="0">
  <testcase classname="Week5.HomeWork.ReplaceIP" name="test" time="0.008"/>
  <system-out/>
</testsuite> <!-- Week5.HomeWork.ReplaceIP -->
