<?xml version="1.0" encoding="UTF-8"?>
<!-- Generated by org.testng.reporters.JUnitReportReporter -->
<testsuite hostname="acer-53" failures="0" tests="1" name="Selenium.TestCase.CreateOppWithoutMandatory" time="13.353" errors="0" timestamp="2023-08-30T12:23:09 IST" skipped="0">
  <testcase classname="Selenium.TestCase.CreateOppWithoutMandatory" name="login" time="13.353"/>
  <system-out/>
</testsuite> <!-- Selenium.TestCase.CreateOppWithoutMandatory -->
