<?xml version="1.0" encoding="UTF-8"?>
<!-- Generated by org.testng.reporters.JUnitReportReporter -->
<testsuite hostname="acer-53" failures="0" tests="1" name="week5.HomeWork.FindLeastDigit" time="0.053" errors="0" timestamp="2023-09-22T15:27:21 IST" skipped="0">
  <testcase classname="week5.HomeWork.FindLeastDigit" name="tes" time="0.053"/>
  <system-out/>
</testsuite> <!-- week5.HomeWork.FindLeastDigit -->
