<?xml version="1.0" encoding="UTF-8"?>
<!-- Generated by org.testng.reporters.JUnitReportReporter -->
<testsuite hostname="acer-53" failures="0" tests="1" name="week5.HomeWork.GivenNoPrime" time="0.006" errors="0" timestamp="2023-09-25T19:12:02 IST" skipped="0">
  <testcase classname="week5.HomeWork.GivenNoPrime" name="test" time="0.006"/>
  <system-out/>
</testsuite> <!-- week5.HomeWork.GivenNoPrime -->
