<?xml version="1.0" encoding="UTF-8"?>
<!-- Generated by org.testng.reporters.JUnitReportReporter -->
<testsuite hostname="acer-53" failures="0" tests="1" name="week5.HomeWork.Factorial" time="0.008" errors="0" timestamp="2023-09-28T17:29:59 IST" skipped="0">
  <testcase classname="week5.HomeWork.Factorial" name="test" time="0.008"/>
  <system-out/>
</testsuite> <!-- week5.HomeWork.Factorial -->
