<?xml version="1.0" encoding="UTF-8"?>
<!-- Generated by org.testng.reporters.JUnitReportReporter -->
<testsuite hostname="acer-53" failures="0" tests="2" name="week5.HomeWork.ReverseStringBasic" time="0.009" errors="0" timestamp="2023-09-29T19:58:02 IST" skipped="0">
  <testcase classname="week5.HomeWork.ReverseStringBasic" name="test" time="0.008"/>
  <system-out/>
  <testcase classname="week5.HomeWork.ReverseStringBasic" name="test1" time="0.001"/>
  <system-out/>
</testsuite> <!-- week5.HomeWork.ReverseStringBasic -->
