<?xml version="1.0" encoding="UTF-8"?>
<!-- Generated by org.testng.reporters.JUnitReportReporter -->
<testsuite hostname="acer-53" failures="0" tests="1" name="Week5.HomeWork.Reverse" time="0.010" errors="0" timestamp="2023-09-16T09:52:00 IST" skipped="0">
  <testcase classname="Week5.HomeWork.Reverse" name="test" time="0.010"/>
  <system-out/>
</testsuite> <!-- Week5.HomeWork.Reverse -->
