<?xml version="1.0" encoding="UTF-8"?>
<!-- Generated by org.testng.reporters.JUnitReportReporter -->
<testsuite hostname="acer-53" failures="0" tests="3" name="week5.HomeWork.OddEven" time="0.007" errors="0" timestamp="2023-09-25T17:44:19 IST" skipped="0">
  <testcase classname="week5.HomeWork.OddEven" name="test" time="0.005"/>
  <system-out/>
  <testcase classname="week5.HomeWork.OddEven" name="test1" time="0.001"/>
  <system-out/>
  <testcase classname="week5.HomeWork.OddEven" name="test2" time="0.001"/>
  <system-out/>
</testsuite> <!-- week5.HomeWork.OddEven -->
