<?xml version="1.0" encoding="UTF-8"?>
<!-- Generated by org.testng.reporters.JUnitReportReporter -->
<testsuite hostname="acer-53" failures="0" tests="1" name="Week5.HomeWork.FindTarget" time="0.006" errors="0" timestamp="2023-09-16T12:03:09 IST" skipped="0">
  <testcase classname="Week5.HomeWork.FindTarget" name="test" time="0.006"/>
  <system-out/>
</testsuite> <!-- Week5.HomeWork.FindTarget -->
