<?xml version="1.0" encoding="UTF-8"?>
<!-- Generated by org.testng.reporters.JUnitReportReporter -->
<testsuite hostname="acer-53" failures="0" tests="1" name="week5.HomeWork.Cookies" time="0.007" errors="0" timestamp="2023-09-24T12:19:29 IST" skipped="0">
  <testcase classname="week5.HomeWork.Cookies" name="test" time="0.007"/>
  <system-out/>
</testsuite> <!-- week5.HomeWork.Cookies -->
