<?xml version="1.0" encoding="UTF-8"?>
<!-- Generated by org.testng.reporters.JUnitReportReporter -->
<testsuite hostname="acer-53" failures="0" tests="1" name="SeleniumHomeWork.Day_6_Assignment" time="0.164" errors="0" timestamp="2023-08-24T15:05:25 IST" skipped="0">
  <testcase classname="SeleniumHomeWork.Day_6_Assignment" name="w3School" time="0.164"/>
  <system-out/>
</testsuite> <!-- SeleniumHomeWork.Day_6_Assignment -->
