<?xml version="1.0" encoding="UTF-8"?>
<!-- Generated by org.testng.reporters.JUnitReportReporter -->
<testsuite hostname="acer-53" failures="0" tests="1" name="week5.HomeWork.SortArray" time="0.005" errors="0" timestamp="2023-10-04T19:13:56 IST" skipped="0">
  <testcase classname="week5.HomeWork.SortArray" name="test" time="0.005"/>
  <system-out/>
</testsuite> <!-- week5.HomeWork.SortArray -->
