<?xml version="1.0" encoding="UTF-8"?>
<!-- Generated by org.testng.reporters.JUnitReportReporter -->
<testsuite hostname="acer-53" failures="0" tests="1" name="week5.HomeWork.SmallestThreeNumber" time="0.008" errors="0" timestamp="2023-10-04T18:49:09 IST" skipped="0">
  <testcase classname="week5.HomeWork.SmallestThreeNumber" name="test" time="0.008"/>
  <system-out/>
</testsuite> <!-- week5.HomeWork.SmallestThreeNumber -->
