<?xml version="1.0" encoding="UTF-8"?>
<!-- Generated by org.testng.reporters.JUnitReportReporter -->
<testsuite hostname="acer-53" failures="0" tests="1" name="Week.Day1.SortArray" time="0.007" errors="0" timestamp="2023-08-19T11:22:28 IST" skipped="0">
  <testcase classname="Week.Day1.SortArray" name="test1" time="0.007"/>
  <system-out/>
</testsuite> <!-- Week.Day1.SortArray -->
