<?xml version="1.0" encoding="UTF-8"?>
<!-- Generated by org.testng.reporters.JUnitReportReporter -->
<testsuite hostname="acer-53" failures="0" tests="1" name="Selenium.TestCase.CreateNewOpportunity" time="23.675" errors="0" timestamp="2023-08-27T14:39:32 IST" skipped="0">
  <testcase classname="Selenium.TestCase.CreateNewOpportunity" name="login" time="23.675"/>
  <system-out/>
</testsuite> <!-- Selenium.TestCase.CreateNewOpportunity -->
