<?xml version="1.0" encoding="UTF-8"?>
<!-- Generated by org.testng.reporters.JUnitReportReporter -->
<testsuite hostname="acer-53" failures="0" tests="1" name="week5.HomeWork.ConsecutiveCharactersMaxLength" time="0.006" errors="0" timestamp="2023-09-29T07:56:48 IST" skipped="0">
  <testcase classname="week5.HomeWork.ConsecutiveCharactersMaxLength" name="test" time="0.006"/>
  <system-out/>
</testsuite> <!-- week5.HomeWork.ConsecutiveCharactersMaxLength -->
