<?xml version="1.0" encoding="UTF-8"?>
<!-- Generated by org.testng.reporters.JUnitReportReporter -->
<testsuite hostname="acer-53" failures="0" tests="1" name="week5.HomeWork.ReversNumber" time="0.010" errors="0" timestamp="2023-09-23T11:56:47 IST" skipped="0">
  <testcase classname="week5.HomeWork.ReversNumber" name="test1" time="0.010"/>
  <system-out/>
</testsuite> <!-- week5.HomeWork.ReversNumber -->
