<?xml version="1.0" encoding="UTF-8"?>
<!-- Generated by org.testng.reporters.JUnitReportReporter -->
<testsuite hostname="acer-53" failures="0" tests="3" name="selenium.testcase.JiraTestCase" time="23.794" errors="0" timestamp="2023-09-09T16:24:07 IST" skipped="0">
  <testcase classname="selenium.testcase.JiraTestCase" name="enterEmailid" time="3.832"/>
  <system-out/>
  <testcase classname="selenium.testcase.JiraTestCase" name="createSDET" time="12.499"/>
  <system-out/>
  <testcase classname="selenium.testcase.JiraTestCase" name="verifyBaclog" time="7.463"/>
  <system-out/>
</testsuite> <!-- selenium.testcase.JiraTestCase -->
