<?xml version="1.0" encoding="UTF-8"?>
<!-- Generated by org.testng.reporters.JUnitReportReporter -->
<testsuite hostname="acer-53" failures="0" tests="1" name="Week5.HomeWork.FindMaxValue" time="0.007" errors="0" timestamp="2023-09-10T12:25:16 IST" skipped="0">
  <testcase classname="Week5.HomeWork.FindMaxValue" name="test" time="0.007"/>
  <system-out/>
</testsuite> <!-- Week5.HomeWork.FindMaxValue -->
