<?xml version="1.0" encoding="UTF-8"?>
<!-- Generated by org.testng.reporters.JUnitReportReporter -->
<testsuite hostname="acer-53" failures="0" tests="1" name="week5.HomeWork.ConsecutiveCharacters" time="0.009" errors="0" timestamp="2023-09-29T07:23:38 IST" skipped="0">
  <testcase classname="week5.HomeWork.ConsecutiveCharacters" name="test" time="0.009"/>
  <system-out/>
</testsuite> <!-- week5.HomeWork.ConsecutiveCharacters -->
