<?xml version="1.0" encoding="UTF-8"?>
<!-- Generated by org.testng.reporters.JUnitReportReporter -->
<testsuite hostname="acer-53" failures="0" tests="1" name="Week5.HomeWork.ReversNumber" time="0.007" errors="0" timestamp="2023-08-21T07:55:58 IST" skipped="0">
  <testcase classname="Week5.HomeWork.ReversNumber" name="test1" time="0.007"/>
  <system-out/>
</testsuite> <!-- Week5.HomeWork.ReversNumber -->
