<?xml version="1.0" encoding="UTF-8"?>
<!-- Generated by org.testng.reporters.JUnitReportReporter -->
<testsuite hostname="acer-53" failures="0" tests="3" name="Week5.HomeWork.ReverseString" time="0.008" errors="0" timestamp="2023-09-13T13:37:44 IST" skipped="0">
  <testcase classname="Week5.HomeWork.ReverseString" name="test1" time="0.001"/>
  <system-out/>
  <testcase classname="Week5.HomeWork.ReverseString" name="test2" time="0.002"/>
  <system-out/>
  <testcase classname="Week5.HomeWork.ReverseString" name="test" time="0.005"/>
  <system-out/>
</testsuite> <!-- Week5.HomeWork.ReverseString -->
